[debug] [2023-11-11T23:19:15.704Z] ----------------------------------------------------------------------
[debug] [2023-11-11T23:19:15.706Z] Command:       /usr/local/bin/firebase /Users/bwright/.cache/firebase/tools/lib/node_modules/firebase-tools/lib/bin/firebase emulators:start
[debug] [2023-11-11T23:19:15.706Z] CLI Version:   8.9.0
[debug] [2023-11-11T23:19:15.706Z] Platform:      darwin
[debug] [2023-11-11T23:19:15.706Z] Node Version:  v12.18.1
[debug] [2023-11-11T23:19:15.708Z] Time:          Sat Nov 11 2023 18:19:15 GMT-0500 (Colombia Standard Time)
[debug] [2023-11-11T23:19:15.708Z] ----------------------------------------------------------------------
[debug] [2023-11-11T23:19:15.708Z] 
[debug] [2023-11-11T23:19:15.740Z] > command requires scopes: ["email","openid","https://www.googleapis.com/auth/cloudplatformprojects.readonly","https://www.googleapis.com/auth/firebase","https://www.googleapis.com/auth/cloud-platform"]
[debug] [2023-11-11T23:19:15.756Z] > authorizing via signed-in user
[info] i  emulators: Starting emulators: functions, hosting {"metadata":{"emulator":{"name":"hub"},"message":"Starting emulators: functions, hosting"}}
[debug] [2023-11-11T23:19:15.778Z] [hub] writing locator at /var/folders/dz/bfk68tld7x13fnf_jbr_mfm40000gn/T/hub-spec-fi-app.json
[debug] [2023-11-11T23:19:15.784Z] defaultcredentials: writing to file /Users/bwright/.config/firebase/brett_freelifefunding_com_application_default_credentials.json
[debug] [2023-11-11T23:19:15.785Z] Setting GAC to /Users/bwright/.config/firebase/brett_freelifefunding_com_application_default_credentials.json {"metadata":{"emulator":{"name":"functions"},"message":"Setting GAC to /Users/bwright/.config/firebase/brett_freelifefunding_com_application_default_credentials.json"}}
[warn] ⚠  functions: The following emulators are not running, calls to these services from the Functions emulator will affect production: firestore, database, pubsub {"metadata":{"emulator":{"name":"functions"},"message":"The following emulators are not running, calls to these services from the Functions emulator will affect production: \u001b[1mfirestore, database, pubsub\u001b[22m"}}
[warn] ⚠  Your requested "node" version "10" doesn't match your global version "12" {"metadata":{"emulator":{"name":"functions"},"message":"Your requested \"node\" version \"10\" doesn't match your global version \"12\""}}
[debug] [2023-11-11T23:19:15.909Z] >>> HTTP REQUEST GET https://firebase.googleapis.com/v1beta1/projects/spec-fi-app/webApps/-/config  
 
[debug] [2023-11-11T23:19:16.970Z] <<< HTTP RESPONSE 200 {"content-type":"application/json; charset=UTF-8","vary":"X-Origin, Referer, Origin,Accept-Encoding","date":"Sat, 11 Nov 2023 23:19:17 GMT","server":"ESF","cache-control":"private","x-xss-protection":"0","x-frame-options":"SAMEORIGIN","x-content-type-options":"nosniff","alt-svc":"h3=\":443\"; ma=2592000,h3-29=\":443\"; ma=2592000","accept-ranges":"none","transfer-encoding":"chunked"}
[info] i  hosting: Serving hosting files from: public {"metadata":{"emulator":{"name":"hosting"},"message":"Serving hosting files from: \u001b[1mpublic\u001b[22m"}}
[info] ✔  hosting: Local server: http://localhost:5000 {"metadata":{"emulator":{"name":"hosting"},"message":"Local server: \u001b[4m\u001b[1mhttp://localhost:5000\u001b[22m\u001b[24m"}}
[debug] [2023-11-11T23:19:17.527Z] Ignoring unsupported arg: auto_download {"metadata":{"emulator":{"name":"ui"},"message":"Ignoring unsupported arg: auto_download"}}
[debug] [2023-11-11T23:19:17.527Z] Ignoring unsupported arg: port {"metadata":{"emulator":{"name":"ui"},"message":"Ignoring unsupported arg: port"}}
[debug] [2023-11-11T23:19:17.528Z] Starting Emulator UI with command {"binary":"node","args":["/Users/bwright/.cache/firebase/emulators/ui-v1.1.1/server.bundle.js"],"optionalArgs":[],"joinArgs":false} {"metadata":{"emulator":{"name":"ui"},"message":"Starting Emulator UI with command {\"binary\":\"node\",\"args\":[\"/Users/bwright/.cache/firebase/emulators/ui-v1.1.1/server.bundle.js\"],\"optionalArgs\":[],\"joinArgs\":false}"}}
[info] i  ui: Emulator UI logging to ui-debug.log {"metadata":{"emulator":{"name":"ui"},"message":"Emulator UI logging to \u001b[1mui-debug.log\u001b[22m"}}
[debug] [2023-11-11T23:19:17.676Z] Web / API server started at http://localhost:4000
 {"metadata":{"emulator":{"name":"ui"},"message":"Web / API server started at http://localhost:4000\n"}}
[info] i  functions: Watching "/Users/bwright/Desktop/spec-fi-app/functions" for Cloud Functions... {"metadata":{"emulator":{"name":"functions"},"message":"Watching \"/Users/bwright/Desktop/spec-fi-app/functions\" for Cloud Functions..."}}
[debug] [2023-11-11T23:19:17.800Z] [worker-pool] addWorker(~diagnostic~) {"metadata":{"emulator":{"name":"functions"},"message":"[worker-pool] addWorker(~diagnostic~)"}}
[debug] [2023-11-11T23:19:17.800Z] [worker-pool] Adding worker with key ~diagnostic~, total=1 {"metadata":{"emulator":{"name":"functions"},"message":"[worker-pool] Adding worker with key ~diagnostic~, total=1"}}
[debug] [2023-11-11T23:19:17.800Z] [worker-pool] submitWork(triggerId=) {"metadata":{"emulator":{"name":"functions"},"message":"[worker-pool] submitWork(triggerId=)"}}
[debug] [2023-11-11T23:19:17.801Z] [worker-~diagnostic~-db23a8ed-42c4-4dfe-a8ef-cd626c7c28e2]: Assigning socketPath: /var/folders/dz/bfk68tld7x13fnf_jbr_mfm40000gn/T/fire_emu_36320.sock {"metadata":{"emulator":{"name":"functions"},"message":"[worker-~diagnostic~-db23a8ed-42c4-4dfe-a8ef-cd626c7c28e2]: Assigning socketPath: /var/folders/dz/bfk68tld7x13fnf_jbr_mfm40000gn/T/fire_emu_36320.sock"}}
[debug] [2023-11-11T23:19:17.801Z] [worker-~diagnostic~-db23a8ed-42c4-4dfe-a8ef-cd626c7c28e2]: BUSY {"metadata":{"emulator":{"name":"functions"},"message":"[worker-~diagnostic~-db23a8ed-42c4-4dfe-a8ef-cd626c7c28e2]: BUSY"}}
[debug] [2023-11-11T23:19:18.102Z] [runtime-status] [36320] Functions runtime initialized. {"cwd":"/Users/bwright/Desktop/spec-fi-app/functions","node_version":"12.18.1"} {"metadata":{"emulator":{"name":"functions"},"message":"[runtime-status] [36320] Functions runtime initialized. {\"cwd\":\"/Users/bwright/Desktop/spec-fi-app/functions\",\"node_version\":\"12.18.1\"}"}}
[debug] [2023-11-11T23:19:18.103Z] [runtime-status] [36320] Disabled runtime features: undefined {"metadata":{"emulator":{"name":"functions"},"message":"[runtime-status] [36320] Disabled runtime features: undefined"}}
[debug] [2023-11-11T23:19:18.105Z] [runtime-status] [36320] Resolved module firebase-admin {"declared":true,"installed":true,"version":"8.13.0","resolution":"/Users/bwright/Desktop/spec-fi-app/functions/node_modules/firebase-admin/lib/index.js"} {"metadata":{"emulator":{"name":"functions"},"message":"[runtime-status] [36320] Resolved module firebase-admin {\"declared\":true,\"installed\":true,\"version\":\"8.13.0\",\"resolution\":\"/Users/bwright/Desktop/spec-fi-app/functions/node_modules/firebase-admin/lib/index.js\"}"}}
[debug] [2023-11-11T23:19:18.106Z] [runtime-status] [36320] Resolved module firebase-functions {"declared":true,"installed":true,"version":"3.24.1","resolution":"/Users/bwright/Desktop/spec-fi-app/functions/node_modules/firebase-functions/lib/index.js"} {"metadata":{"emulator":{"name":"functions"},"message":"[runtime-status] [36320] Resolved module firebase-functions {\"declared\":true,\"installed\":true,\"version\":\"3.24.1\",\"resolution\":\"/Users/bwright/Desktop/spec-fi-app/functions/node_modules/firebase-functions/lib/index.js\"}"}}
[debug] [2023-11-11T23:19:18.107Z] [runtime-status] [36320] Resolved module firebase-functions {"declared":true,"installed":true,"version":"3.24.1","resolution":"/Users/bwright/Desktop/spec-fi-app/functions/node_modules/firebase-functions/lib/index.js"} {"metadata":{"emulator":{"name":"functions"},"message":"[runtime-status] [36320] Resolved module firebase-functions {\"declared\":true,\"installed\":true,\"version\":\"3.24.1\",\"resolution\":\"/Users/bwright/Desktop/spec-fi-app/functions/node_modules/firebase-functions/lib/index.js\"}"}}
[debug] [2023-11-11T23:19:18.108Z] [runtime-status] [36320] Outgoing network have been stubbed. [{"name":"http","status":"mocked"},{"name":"http","status":"mocked"},{"name":"https","status":"mocked"},{"name":"https","status":"mocked"},{"name":"net","status":"mocked"}] {"metadata":{"emulator":{"name":"functions"},"message":"[runtime-status] [36320] Outgoing network have been stubbed. [{\"name\":\"http\",\"status\":\"mocked\"},{\"name\":\"http\",\"status\":\"mocked\"},{\"name\":\"https\",\"status\":\"mocked\"},{\"name\":\"https\",\"status\":\"mocked\"},{\"name\":\"net\",\"status\":\"mocked\"}]"}}
[debug] [2023-11-11T23:19:18.108Z] [runtime-status] [36320] Resolved module firebase-functions {"declared":true,"installed":true,"version":"3.24.1","resolution":"/Users/bwright/Desktop/spec-fi-app/functions/node_modules/firebase-functions/lib/index.js"} {"metadata":{"emulator":{"name":"functions"},"message":"[runtime-status] [36320] Resolved module firebase-functions {\"declared\":true,\"installed\":true,\"version\":\"3.24.1\",\"resolution\":\"/Users/bwright/Desktop/spec-fi-app/functions/node_modules/firebase-functions/lib/index.js\"}"}}
[debug] [2023-11-11T23:19:18.141Z] [runtime-status] [36320] Checked functions.config() {"config":{}} {"metadata":{"emulator":{"name":"functions"},"message":"[runtime-status] [36320] Checked functions.config() {\"config\":{}}"}}
[debug] [2023-11-11T23:19:18.141Z] [runtime-status] [36320] firebase-functions has been stubbed. {"functionsResolution":{"declared":true,"installed":true,"version":"3.24.1","resolution":"/Users/bwright/Desktop/spec-fi-app/functions/node_modules/firebase-functions/lib/index.js"}} {"metadata":{"emulator":{"name":"functions"},"message":"[runtime-status] [36320] firebase-functions has been stubbed. {\"functionsResolution\":{\"declared\":true,\"installed\":true,\"version\":\"3.24.1\",\"resolution\":\"/Users/bwright/Desktop/spec-fi-app/functions/node_modules/firebase-functions/lib/index.js\"}}"}}
[debug] [2023-11-11T23:19:18.141Z] [runtime-status] [36320] Resolved module firebase-functions {"declared":true,"installed":true,"version":"3.24.1","resolution":"/Users/bwright/Desktop/spec-fi-app/functions/node_modules/firebase-functions/lib/index.js"} {"metadata":{"emulator":{"name":"functions"},"message":"[runtime-status] [36320] Resolved module firebase-functions {\"declared\":true,\"installed\":true,\"version\":\"3.24.1\",\"resolution\":\"/Users/bwright/Desktop/spec-fi-app/functions/node_modules/firebase-functions/lib/index.js\"}"}}
[debug] [2023-11-11T23:19:18.142Z] [runtime-status] [36320] Resolved module firebase-admin {"declared":true,"installed":true,"version":"8.13.0","resolution":"/Users/bwright/Desktop/spec-fi-app/functions/node_modules/firebase-admin/lib/index.js"} {"metadata":{"emulator":{"name":"functions"},"message":"[runtime-status] [36320] Resolved module firebase-admin {\"declared\":true,\"installed\":true,\"version\":\"8.13.0\",\"resolution\":\"/Users/bwright/Desktop/spec-fi-app/functions/node_modules/firebase-admin/lib/index.js\"}"}}
[debug] [2023-11-11T23:19:18.142Z] [runtime-status] [36320] Resolved module firebase-functions {"declared":true,"installed":true,"version":"3.24.1","resolution":"/Users/bwright/Desktop/spec-fi-app/functions/node_modules/firebase-functions/lib/index.js"} {"metadata":{"emulator":{"name":"functions"},"message":"[runtime-status] [36320] Resolved module firebase-functions {\"declared\":true,\"installed\":true,\"version\":\"3.24.1\",\"resolution\":\"/Users/bwright/Desktop/spec-fi-app/functions/node_modules/firebase-functions/lib/index.js\"}"}}
[debug] [2023-11-11T23:19:18.143Z] [runtime-status] [36320] firebase-admin has been stubbed. {"adminResolution":{"declared":true,"installed":true,"version":"8.13.0","resolution":"/Users/bwright/Desktop/spec-fi-app/functions/node_modules/firebase-admin/lib/index.js"}} {"metadata":{"emulator":{"name":"functions"},"message":"[runtime-status] [36320] firebase-admin has been stubbed. {\"adminResolution\":{\"declared\":true,\"installed\":true,\"version\":\"8.13.0\",\"resolution\":\"/Users/bwright/Desktop/spec-fi-app/functions/node_modules/firebase-admin/lib/index.js\"}}"}}
[debug] [2023-11-11T23:19:18.144Z] [runtime-status] [36320] initializeApp(DEFAULT) {"databaseURL":"https://spec-fi-app.firebaseio.com","storageBucket":"spec-fi-app.appspot.com","projectId":"spec-fi-app"} {"metadata":{"emulator":{"name":"functions"},"message":"[runtime-status] [36320] initializeApp(DEFAULT) {\"databaseURL\":\"https://spec-fi-app.firebaseio.com\",\"storageBucket\":\"spec-fi-app.appspot.com\",\"projectId\":\"spec-fi-app\"}"}}
[info] ✔  functions[submitFormData]: http function initialized (http://localhost:5001/spec-fi-app/us-central1/submitFormData). {"metadata":{"emulator":{"name":"functions"},"message":"\u001b[1mhttp\u001b[22m function initialized (http://localhost:5001/spec-fi-app/us-central1/submitFormData)."}}
[info] 
┌───────────────────────────────────────────────────────────────────────┐
│ ✔  All emulators ready! View status and logs at http://localhost:4000 │
└───────────────────────────────────────────────────────────────────────┘

┌───────────┬────────────────┬─────────────────────────────────┐
│ Emulator  │ Host:Port      │ View in Emulator UI             │
├───────────┼────────────────┼─────────────────────────────────┤
│ Functions │ localhost:5001 │ http://localhost:4000/functions │
├───────────┼────────────────┼─────────────────────────────────┤
│ Hosting   │ localhost:5000 │ n/a                             │
└───────────┴────────────────┴─────────────────────────────────┘
  Other reserved ports: 4400, 4500

Issues? Report them at https://github.com/firebase/firebase-tools/issues and attach the *-debug.log files.
 
[debug] [2023-11-11T23:19:18.149Z] [worker-~diagnostic~-db23a8ed-42c4-4dfe-a8ef-cd626c7c28e2]: IDLE {"metadata":{"emulator":{"name":"functions"},"message":"[worker-~diagnostic~-db23a8ed-42c4-4dfe-a8ef-cd626c7c28e2]: IDLE"}}
[debug] [2023-11-11T23:26:07.613Z] File /Users/bwright/Desktop/spec-fi-app/functions/index.js changed, reloading triggers {"metadata":{"emulator":{"name":"functions"},"message":"File /Users/bwright/Desktop/spec-fi-app/functions/index.js changed, reloading triggers"}}
[debug] [2023-11-11T23:26:08.618Z] [worker-pool] Shutting down IDLE worker (~diagnostic~) {"metadata":{"emulator":{"name":"functions"},"message":"[worker-pool] Shutting down IDLE worker (~diagnostic~)"}}
[debug] [2023-11-11T23:26:08.618Z] [worker-~diagnostic~-db23a8ed-42c4-4dfe-a8ef-cd626c7c28e2]: FINISHING {"metadata":{"emulator":{"name":"functions"},"message":"[worker-~diagnostic~-db23a8ed-42c4-4dfe-a8ef-cd626c7c28e2]: FINISHING"}}
[debug] [2023-11-11T23:26:08.623Z] [worker-pool] addWorker(~diagnostic~) {"metadata":{"emulator":{"name":"functions"},"message":"[worker-pool] addWorker(~diagnostic~)"}}
[debug] [2023-11-11T23:26:08.624Z] [worker-pool] Adding worker with key ~diagnostic~, total=2 {"metadata":{"emulator":{"name":"functions"},"message":"[worker-pool] Adding worker with key ~diagnostic~, total=2"}}
[debug] [2023-11-11T23:26:08.624Z] [worker-pool] submitWork(triggerId=) {"metadata":{"emulator":{"name":"functions"},"message":"[worker-pool] submitWork(triggerId=)"}}
[debug] [2023-11-11T23:26:08.624Z] [worker-~diagnostic~-ace76bdf-bf35-4465-821a-d06663fe3c78]: Assigning socketPath: /var/folders/dz/bfk68tld7x13fnf_jbr_mfm40000gn/T/fire_emu_36408.sock {"metadata":{"emulator":{"name":"functions"},"message":"[worker-~diagnostic~-ace76bdf-bf35-4465-821a-d06663fe3c78]: Assigning socketPath: /var/folders/dz/bfk68tld7x13fnf_jbr_mfm40000gn/T/fire_emu_36408.sock"}}
[debug] [2023-11-11T23:26:08.624Z] [worker-~diagnostic~-ace76bdf-bf35-4465-821a-d06663fe3c78]: BUSY {"metadata":{"emulator":{"name":"functions"},"message":"[worker-~diagnostic~-ace76bdf-bf35-4465-821a-d06663fe3c78]: BUSY"}}
[debug] [2023-11-11T23:26:08.625Z] [worker-~diagnostic~-db23a8ed-42c4-4dfe-a8ef-cd626c7c28e2]: exited {"metadata":{"emulator":{"name":"functions"},"message":"[worker-~diagnostic~-db23a8ed-42c4-4dfe-a8ef-cd626c7c28e2]: exited"}}
[debug] [2023-11-11T23:26:08.625Z] [worker-~diagnostic~-db23a8ed-42c4-4dfe-a8ef-cd626c7c28e2]: FINISHED {"metadata":{"emulator":{"name":"functions"},"message":"[worker-~diagnostic~-db23a8ed-42c4-4dfe-a8ef-cd626c7c28e2]: FINISHED"}}
[debug] [2023-11-11T23:26:08.911Z] [runtime-status] [36408] Functions runtime initialized. {"cwd":"/Users/bwright/Desktop/spec-fi-app/functions","node_version":"12.18.1"} {"metadata":{"emulator":{"name":"functions"},"message":"[runtime-status] [36408] Functions runtime initialized. {\"cwd\":\"/Users/bwright/Desktop/spec-fi-app/functions\",\"node_version\":\"12.18.1\"}"}}
[debug] [2023-11-11T23:26:08.913Z] [runtime-status] [36408] Disabled runtime features: undefined {"metadata":{"emulator":{"name":"functions"},"message":"[runtime-status] [36408] Disabled runtime features: undefined"}}
[debug] [2023-11-11T23:26:08.914Z] [runtime-status] [36408] Resolved module firebase-admin {"declared":true,"installed":true,"version":"8.13.0","resolution":"/Users/bwright/Desktop/spec-fi-app/functions/node_modules/firebase-admin/lib/index.js"} {"metadata":{"emulator":{"name":"functions"},"message":"[runtime-status] [36408] Resolved module firebase-admin {\"declared\":true,\"installed\":true,\"version\":\"8.13.0\",\"resolution\":\"/Users/bwright/Desktop/spec-fi-app/functions/node_modules/firebase-admin/lib/index.js\"}"}}
[debug] [2023-11-11T23:26:08.916Z] [runtime-status] [36408] Resolved module firebase-functions {"declared":true,"installed":true,"version":"3.24.1","resolution":"/Users/bwright/Desktop/spec-fi-app/functions/node_modules/firebase-functions/lib/index.js"} {"metadata":{"emulator":{"name":"functions"},"message":"[runtime-status] [36408] Resolved module firebase-functions {\"declared\":true,\"installed\":true,\"version\":\"3.24.1\",\"resolution\":\"/Users/bwright/Desktop/spec-fi-app/functions/node_modules/firebase-functions/lib/index.js\"}"}}
[debug] [2023-11-11T23:26:08.916Z] [runtime-status] [36408] Resolved module firebase-functions {"declared":true,"installed":true,"version":"3.24.1","resolution":"/Users/bwright/Desktop/spec-fi-app/functions/node_modules/firebase-functions/lib/index.js"} {"metadata":{"emulator":{"name":"functions"},"message":"[runtime-status] [36408] Resolved module firebase-functions {\"declared\":true,\"installed\":true,\"version\":\"3.24.1\",\"resolution\":\"/Users/bwright/Desktop/spec-fi-app/functions/node_modules/firebase-functions/lib/index.js\"}"}}
[debug] [2023-11-11T23:26:08.918Z] [runtime-status] [36408] Outgoing network have been stubbed. [{"name":"http","status":"mocked"},{"name":"http","status":"mocked"},{"name":"https","status":"mocked"},{"name":"https","status":"mocked"},{"name":"net","status":"mocked"}] {"metadata":{"emulator":{"name":"functions"},"message":"[runtime-status] [36408] Outgoing network have been stubbed. [{\"name\":\"http\",\"status\":\"mocked\"},{\"name\":\"http\",\"status\":\"mocked\"},{\"name\":\"https\",\"status\":\"mocked\"},{\"name\":\"https\",\"status\":\"mocked\"},{\"name\":\"net\",\"status\":\"mocked\"}]"}}
[debug] [2023-11-11T23:26:08.918Z] [runtime-status] [36408] Resolved module firebase-functions {"declared":true,"installed":true,"version":"3.24.1","resolution":"/Users/bwright/Desktop/spec-fi-app/functions/node_modules/firebase-functions/lib/index.js"} {"metadata":{"emulator":{"name":"functions"},"message":"[runtime-status] [36408] Resolved module firebase-functions {\"declared\":true,\"installed\":true,\"version\":\"3.24.1\",\"resolution\":\"/Users/bwright/Desktop/spec-fi-app/functions/node_modules/firebase-functions/lib/index.js\"}"}}
[debug] [2023-11-11T23:26:08.957Z] [runtime-status] [36408] Checked functions.config() {"config":{}} {"metadata":{"emulator":{"name":"functions"},"message":"[runtime-status] [36408] Checked functions.config() {\"config\":{}}"}}
[debug] [2023-11-11T23:26:08.957Z] [runtime-status] [36408] firebase-functions has been stubbed. {"functionsResolution":{"declared":true,"installed":true,"version":"3.24.1","resolution":"/Users/bwright/Desktop/spec-fi-app/functions/node_modules/firebase-functions/lib/index.js"}} {"metadata":{"emulator":{"name":"functions"},"message":"[runtime-status] [36408] firebase-functions has been stubbed. {\"functionsResolution\":{\"declared\":true,\"installed\":true,\"version\":\"3.24.1\",\"resolution\":\"/Users/bwright/Desktop/spec-fi-app/functions/node_modules/firebase-functions/lib/index.js\"}}"}}
[debug] [2023-11-11T23:26:08.957Z] [runtime-status] [36408] Resolved module firebase-functions {"declared":true,"installed":true,"version":"3.24.1","resolution":"/Users/bwright/Desktop/spec-fi-app/functions/node_modules/firebase-functions/lib/index.js"} {"metadata":{"emulator":{"name":"functions"},"message":"[runtime-status] [36408] Resolved module firebase-functions {\"declared\":true,\"installed\":true,\"version\":\"3.24.1\",\"resolution\":\"/Users/bwright/Desktop/spec-fi-app/functions/node_modules/firebase-functions/lib/index.js\"}"}}
[debug] [2023-11-11T23:26:08.958Z] [runtime-status] [36408] Resolved module firebase-admin {"declared":true,"installed":true,"version":"8.13.0","resolution":"/Users/bwright/Desktop/spec-fi-app/functions/node_modules/firebase-admin/lib/index.js"} {"metadata":{"emulator":{"name":"functions"},"message":"[runtime-status] [36408] Resolved module firebase-admin {\"declared\":true,\"installed\":true,\"version\":\"8.13.0\",\"resolution\":\"/Users/bwright/Desktop/spec-fi-app/functions/node_modules/firebase-admin/lib/index.js\"}"}}
[debug] [2023-11-11T23:26:08.958Z] [runtime-status] [36408] Resolved module firebase-functions {"declared":true,"installed":true,"version":"3.24.1","resolution":"/Users/bwright/Desktop/spec-fi-app/functions/node_modules/firebase-functions/lib/index.js"} {"metadata":{"emulator":{"name":"functions"},"message":"[runtime-status] [36408] Resolved module firebase-functions {\"declared\":true,\"installed\":true,\"version\":\"3.24.1\",\"resolution\":\"/Users/bwright/Desktop/spec-fi-app/functions/node_modules/firebase-functions/lib/index.js\"}"}}
[debug] [2023-11-11T23:26:08.959Z] [runtime-status] [36408] firebase-admin has been stubbed. {"adminResolution":{"declared":true,"installed":true,"version":"8.13.0","resolution":"/Users/bwright/Desktop/spec-fi-app/functions/node_modules/firebase-admin/lib/index.js"}} {"metadata":{"emulator":{"name":"functions"},"message":"[runtime-status] [36408] firebase-admin has been stubbed. {\"adminResolution\":{\"declared\":true,\"installed\":true,\"version\":\"8.13.0\",\"resolution\":\"/Users/bwright/Desktop/spec-fi-app/functions/node_modules/firebase-admin/lib/index.js\"}}"}}
[debug] [2023-11-11T23:26:08.960Z] [runtime-status] [36408] initializeApp(DEFAULT) {"databaseURL":"https://spec-fi-app.firebaseio.com","storageBucket":"spec-fi-app.appspot.com","projectId":"spec-fi-app"} {"metadata":{"emulator":{"name":"functions"},"message":"[runtime-status] [36408] initializeApp(DEFAULT) {\"databaseURL\":\"https://spec-fi-app.firebaseio.com\",\"storageBucket\":\"spec-fi-app.appspot.com\",\"projectId\":\"spec-fi-app\"}"}}
[debug] [2023-11-11T23:26:08.962Z] [worker-~diagnostic~-ace76bdf-bf35-4465-821a-d06663fe3c78]: IDLE {"metadata":{"emulator":{"name":"functions"},"message":"[worker-~diagnostic~-ace76bdf-bf35-4465-821a-d06663fe3c78]: IDLE"}}
